FILE_TYPE=LIBRARY_PARTS;
PRIMITIVE '155060BS75300','155060BS75300_Other';
  PIN
    'K':
      PIN_NUMBER='(1)';
      NO_LOAD_CHECK=BOTH;
      NO_IO_CHECK=BOTH;
      ALLOW_CONNECT=TRUE;
      PINUSE='UNSPEC';
    'A':
      PIN_NUMBER='(2)';
      NO_LOAD_CHECK=BOTH;
      NO_IO_CHECK=BOTH;
      ALLOW_CONNECT=TRUE;
      PINUSE='UNSPEC';
  END_PIN;
  BODY
    PART_NAME='155060BS75300';
    PHYS_DES_PREFIX='LED';
    NO_LOAD_CHECK='TRUE';
    PIN_COUNT='2';
    BODY_NAME='155060BS75300';
    JEDEC_TYPE='155060BS75300';
  END_BODY;
END_PRIMITIVE;
END.
